date: 2013-10-12 15:28:41.695
argv: node /usr/local/bin/hexo generate
os: Darwin 13.0.0 darwin x64
version:
  hexo: 2.2.0
  http_parser: 1.0
  node: 0.10.17
  v8: 3.14.5.9
  ares: 1.9.0-DEV
  uv: 0.10.14
  zlib: 1.2.3
  modules: 11
  openssl: 1.0.1e
---

[debug] 15:28:41.082 Configuration file load successfully
[debug] 15:28:41.087 Plugin loaded successfully: hexo-generator-feed
[debug] 15:28:41.089 Plugin loaded successfully: hexo-generator-sitemap
[debug] 15:28:41.090 Version info checked successfully
[debug] 15:28:41.090 Loading the database...
[debug] 15:28:41.358 Theme layout loaded
[debug] 15:28:41.377 Processed: CNAME
[debug] 15:28:41.381 Theme configuration loaded
[debug] 15:28:41.394 Theme source loaded
[debug] 15:28:41.669 Theme i18n loaded
[debug] 15:28:41.683 Processed: _posts/grunt入门.md
[debug] 15:28:41.686 Processed: _posts/hello-world.md
[debug] 15:28:41.687 Processed: _posts/hexo适合前端geek的博客.md
[debug] 15:28:41.689 Processed: _posts/开发常用网站导航.md
[debug] 15:28:41.690 Processed: about/index.md
[debug] 15:28:41.690 Processed: lab/index.md
[error] 15:28:41.691 { rawMessage: 'Unable to parse.',
  parsedLine: 3,
  snippet: 'tags:[webapp]',
  parsedFile: null,
  message: 'Unable to parse.',
  domain: 
   { domain: null,
     _events: { error: [Function] },
     _maxListeners: 10,
     members: [],
     _disposed: true },
  domainThrown: true }